<?xml version="1.0" encoding="UTF-8"?>
<!-- Generated by org.testng.reporters.JUnitXMLReporter -->
<testsuite ignored="0" hostname="DESKTOP-PH17QQC" failures="0" tests="3" name="Default test" time="30.584" errors="0" timestamp="2024-11-26T15:59:52 IST">
  <testcase classname="com.runner.SalixPharmaceuticalsRunner" name="validLoginTest" time="6.432"/>
  <testcase classname="com.runner.SalixPharmaceuticalsRunner" name="creatingAnEngagementTest" time="20.3"/>
  <testcase classname="com.runner.SalixPharmaceuticalsRunner" name="selectingSpeakerTest" time="0.203"/>
</testsuite> <!-- Default test -->
