<?xml version="1.0" encoding="UTF-8"?>
<testng-results ignored="0" total="3" passed="2" failed="1" skipped="0">
  <reporter-output>
  </reporter-output>
  <suite started-at="2024-11-28T14:50:26 IST" name="Suite" finished-at="2024-11-28T14:51:33 IST" duration-ms="66528">
    <groups>
    </groups>
    <test started-at="2024-11-28T14:50:26 IST" name="Test" finished-at="2024-11-28T14:51:33 IST" duration-ms="66528">
      <class name="com.runner.SalixPharmaceuticalsRunner">
        <test-method is-config="true" signature="extendStartUp()[pri:0, instance:com.runner.SalixPharmaceuticalsRunner@350aac89]" started-at="2024-11-28T14:50:25 IST" name="extendStartUp" finished-at="2024-11-28T14:50:26 IST" duration-ms="738" status="PASS">
          <reporter-output>
          </reporter-output>
        </test-method> <!-- extendStartUp -->
        <test-method is-config="true" signature="setUp()[pri:0, instance:com.runner.SalixPharmaceuticalsRunner@350aac89]" started-at="2024-11-28T14:50:26 IST" name="setUp" finished-at="2024-11-28T14:50:32 IST" duration-ms="5517" status="PASS">
          <reporter-output>
          </reporter-output>
        </test-method> <!-- setUp -->
        <test-method signature="validLoginTest()[pri:-5, instance:com.runner.SalixPharmaceuticalsRunner@350aac89]" started-at="2024-11-28T14:50:32 IST" name="validLoginTest" finished-at="2024-11-28T14:50:40 IST" duration-ms="8386" status="PASS">
          <reporter-output>
          </reporter-output>
        </test-method> <!-- validLoginTest -->
        <test-method signature="creatingAnEngagementTest()[pri:-3, instance:com.runner.SalixPharmaceuticalsRunner@350aac89]" started-at="2024-11-28T14:50:40 IST" name="creatingAnEngagementTest" finished-at="2024-11-28T14:51:01 IST" duration-ms="20669" status="PASS">
          <reporter-output>
          </reporter-output>
        </test-method> <!-- creatingAnEngagementTest -->
        <test-method signature="selectingSpeakerTest()[pri:5, instance:com.runner.SalixPharmaceuticalsRunner@350aac89]" started-at="2024-11-28T14:51:01 IST" name="selectingSpeakerTest" finished-at="2024-11-28T14:51:32 IST" duration-ms="30319" status="FAIL">
          <exception class="org.openqa.selenium.NoSuchElementException">
            <message>
              <![CDATA[no such element: Unable to locate element: {"method":"css selector","selector":"#dtltxt_25"}
  (Session info: chrome=131.0.6778.86)
For documentation on this error, please visit: https://www.selenium.dev/documentation/webdriver/troubleshooting/errors#no-such-element-exception
Build info: version: '4.13.0', revision: 'ba948ece5b*'
System info: os.name: 'Windows 11', os.arch: 'amd64', os.version: '10.0', java.version: '11.0.22'
Driver info: org.openqa.selenium.chrome.ChromeDriver
Command: [a0ec2b4403923330b036561376725189, findElement {using=id, value=dtltxt_25}]
Capabilities {acceptInsecureCerts: false, browserName: chrome, browserVersion: 131.0.6778.86, chrome: {chromedriverVersion: 131.0.6778.85 (3d81e41b6f3a..., userDataDir: C:\Users\Admin\AppData\Loca...}, fedcm:accounts: true, goog:chromeOptions: {debuggerAddress: localhost:55339}, networkConnectionEnabled: false, pageLoadStrategy: normal, platformName: windows, proxy: Proxy(), se:cdp: ws://localhost:55339/devtoo..., se:cdpVersion: 131.0.6778.86, setWindowRect: true, strictFileInteractability: false, timeouts: {implicit: 0, pageLoad: 300000, script: 30000}, unhandledPromptBehavior: dismiss and notify, webauthn:extension:credBlob: true, webauthn:extension:largeBlob: true, webauthn:extension:minPinLength: true, webauthn:extension:prf: true, webauthn:virtualAuthenticators: true}
Session ID: a0ec2b4403923330b036561376725189]]>
            </message>
            <full-stacktrace>
              <![CDATA[org.openqa.selenium.NoSuchElementException: no such element: Unable to locate element: {"method":"css selector","selector":"#dtltxt_25"}
  (Session info: chrome=131.0.6778.86)
For documentation on this error, please visit: https://www.selenium.dev/documentation/webdriver/troubleshooting/errors#no-such-element-exception
Build info: version: '4.13.0', revision: 'ba948ece5b*'
System info: os.name: 'Windows 11', os.arch: 'amd64', os.version: '10.0', java.version: '11.0.22'
Driver info: org.openqa.selenium.chrome.ChromeDriver
Command: [a0ec2b4403923330b036561376725189, findElement {using=id, value=dtltxt_25}]
Capabilities {acceptInsecureCerts: false, browserName: chrome, browserVersion: 131.0.6778.86, chrome: {chromedriverVersion: 131.0.6778.85 (3d81e41b6f3a..., userDataDir: C:\Users\Admin\AppData\Loca...}, fedcm:accounts: true, goog:chromeOptions: {debuggerAddress: localhost:55339}, networkConnectionEnabled: false, pageLoadStrategy: normal, platformName: windows, proxy: Proxy(), se:cdp: ws://localhost:55339/devtoo..., se:cdpVersion: 131.0.6778.86, setWindowRect: true, strictFileInteractability: false, timeouts: {implicit: 0, pageLoad: 300000, script: 30000}, unhandledPromptBehavior: dismiss and notify, webauthn:extension:credBlob: true, webauthn:extension:largeBlob: true, webauthn:extension:minPinLength: true, webauthn:extension:prf: true, webauthn:virtualAuthenticators: true}
Session ID: a0ec2b4403923330b036561376725189
at java.base/jdk.internal.reflect.NativeConstructorAccessorImpl.newInstance0(Native Method)
at java.base/jdk.internal.reflect.NativeConstructorAccessorImpl.newInstance(NativeConstructorAccessorImpl.java:62)
at java.base/jdk.internal.reflect.DelegatingConstructorAccessorImpl.newInstance(DelegatingConstructorAccessorImpl.java:45)
at java.base/java.lang.reflect.Constructor.newInstance(Constructor.java:490)
at org.openqa.selenium.remote.codec.w3c.W3CHttpResponseCodec.createException(W3CHttpResponseCodec.java:200)
at org.openqa.selenium.remote.codec.w3c.W3CHttpResponseCodec.decode(W3CHttpResponseCodec.java:133)
at org.openqa.selenium.remote.codec.w3c.W3CHttpResponseCodec.decode(W3CHttpResponseCodec.java:52)
at org.openqa.selenium.remote.HttpCommandExecutor.execute(HttpCommandExecutor.java:191)
at org.openqa.selenium.remote.service.DriverCommandExecutor.invokeExecute(DriverCommandExecutor.java:196)
at org.openqa.selenium.remote.service.DriverCommandExecutor.execute(DriverCommandExecutor.java:171)
at org.openqa.selenium.remote.RemoteWebDriver.execute(RemoteWebDriver.java:602)
at org.openqa.selenium.remote.ElementLocation$ElementFinder$2.findElement(ElementLocation.java:165)
at org.openqa.selenium.remote.ElementLocation.findElement(ElementLocation.java:66)
at org.openqa.selenium.remote.RemoteWebDriver.findElement(RemoteWebDriver.java:359)
at org.openqa.selenium.remote.RemoteWebDriver.findElement(RemoteWebDriver.java:353)
at org.openqa.selenium.support.pagefactory.DefaultElementLocator.findElement(DefaultElementLocator.java:68)
at org.openqa.selenium.support.pagefactory.internal.LocatingElementHandler.invoke(LocatingElementHandler.java:38)
at com.sun.proxy.$Proxy20.getWrappedElement(Unknown Source)
at org.openqa.selenium.remote.internal.WebElementToJsonConverter.apply(WebElementToJsonConverter.java:51)
at java.base/java.util.stream.ReferencePipeline$3$1.accept(ReferencePipeline.java:195)
at java.base/java.util.Spliterators$ArraySpliterator.forEachRemaining(Spliterators.java:948)
at java.base/java.util.stream.AbstractPipeline.copyInto(AbstractPipeline.java:484)
at java.base/java.util.stream.AbstractPipeline.wrapAndCopyInto(AbstractPipeline.java:474)
at java.base/java.util.stream.ReduceOps$ReduceOp.evaluateSequential(ReduceOps.java:913)
at java.base/java.util.stream.AbstractPipeline.evaluate(AbstractPipeline.java:234)
at java.base/java.util.stream.ReferencePipeline.collect(ReferencePipeline.java:578)
at org.openqa.selenium.remote.RemoteWebDriver.executeScript(RemoteWebDriver.java:465)
at com.baseclass.Base_Class.javaScriptSenkeys(Base_Class.java:183)
at com.pageobjectmodel.SalixPharmaceuticalsSelectDetailsPage.selectingSpeaker(SalixPharmaceuticalsSelectDetailsPage.java:30)
at com.runner.SalixPharmaceuticalsRunner.selectingSpeakerTest(SalixPharmaceuticalsRunner.java:52)
at java.base/jdk.internal.reflect.NativeMethodAccessorImpl.invoke0(Native Method)
at java.base/jdk.internal.reflect.NativeMethodAccessorImpl.invoke(NativeMethodAccessorImpl.java:62)
at java.base/jdk.internal.reflect.DelegatingMethodAccessorImpl.invoke(DelegatingMethodAccessorImpl.java:43)
at java.base/java.lang.reflect.Method.invoke(Method.java:566)
at org.testng.internal.MethodInvocationHelper.invokeMethod(MethodInvocationHelper.java:133)
at org.testng.internal.TestInvoker.invokeMethod(TestInvoker.java:598)
at org.testng.internal.TestInvoker.invokeTestMethod(TestInvoker.java:173)
at org.testng.internal.MethodRunner.runInSequence(MethodRunner.java:46)
at org.testng.internal.TestInvoker$MethodInvocationAgent.invoke(TestInvoker.java:824)
at org.testng.internal.TestInvoker.invokeTestMethods(TestInvoker.java:146)
at org.testng.internal.TestMethodWorker.invokeTestMethods(TestMethodWorker.java:146)
at org.testng.internal.TestMethodWorker.run(TestMethodWorker.java:128)
at java.base/java.util.ArrayList.forEach(ArrayList.java:1541)
at org.testng.TestRunner.privateRun(TestRunner.java:794)
at org.testng.TestRunner.run(TestRunner.java:596)
at org.testng.SuiteRunner.runTest(SuiteRunner.java:377)
at org.testng.SuiteRunner.runSequentially(SuiteRunner.java:371)
at org.testng.SuiteRunner.privateRun(SuiteRunner.java:332)
at org.testng.SuiteRunner.run(SuiteRunner.java:276)
at org.testng.SuiteRunnerWorker.runSuite(SuiteRunnerWorker.java:53)
at org.testng.SuiteRunnerWorker.run(SuiteRunnerWorker.java:96)
at org.testng.TestNG.runSuitesSequentially(TestNG.java:1212)
at org.testng.TestNG.runSuitesLocally(TestNG.java:1134)
at org.testng.TestNG.runSuites(TestNG.java:1063)
at org.testng.TestNG.run(TestNG.java:1031)
at org.testng.remote.AbstractRemoteTestNG.run(AbstractRemoteTestNG.java:115)
at org.testng.remote.RemoteTestNG.initAndRun(RemoteTestNG.java:293)
at org.testng.remote.RemoteTestNG.main(RemoteTestNG.java:91)
]]>
            </full-stacktrace>
          </exception> <!-- org.openqa.selenium.NoSuchElementException -->
          <reporter-output>
          </reporter-output>
        </test-method> <!-- selectingSpeakerTest -->
        <test-method is-config="true" signature="termination()[pri:0, instance:com.runner.SalixPharmaceuticalsRunner@350aac89]" started-at="2024-11-28T14:51:32 IST" name="termination" finished-at="2024-11-28T14:51:33 IST" duration-ms="774" status="PASS">
          <reporter-output>
          </reporter-output>
        </test-method> <!-- termination -->
        <test-method is-config="true" signature="ExtendReportEnd()[pri:0, instance:com.runner.SalixPharmaceuticalsRunner@350aac89]" started-at="2024-11-28T14:51:33 IST" name="ExtendReportEnd" finished-at="2024-11-28T14:51:34 IST" duration-ms="1638" status="PASS">
          <reporter-output>
          </reporter-output>
        </test-method> <!-- ExtendReportEnd -->
      </class> <!-- com.runner.SalixPharmaceuticalsRunner -->
    </test> <!-- Test -->
  </suite> <!-- Suite -->
</testng-results>
